Info : RCLK (adaptive clock speed)
Info : ICDI Firmware version: 9270
Info : lm4f120h5qr.cpu: hardware has 6 breakpoints, 4 watchpoints
Info : accepting 'gdb' connection from pipe
undefined debug reason 7 - target needs reset
adapter speed: 1 kHz
target state: halted
target halted due to debug-request, current mode: Thread 
xPSR: 0x01000000 pc: 0x000012e0 msp: 0x20008000
adapter speed: 1 kHz
target state: halted
target halted due to debug-request, current mode: Thread 
xPSR: 0x01000000 pc: 0x000012e0 msp: 0x20008000
Info : Padding image section 0 with 4 bytes
target state: halted
target halted due to breakpoint, current mode: Thread 
xPSR: 0x61000000 pc: 0x20000042 msp: 0x20008000
Error: JTAG failure -4
Warn : keep_alive() was not invoked in the 1000ms timelimit. GDB alive packet not sent! (1375). Workaround: increase "set remotetimeout" in GDB
Error: jtag status contains invalid mode value - communication failure
Polling target lm4f120h5qr.cpu failed, trying to reexamine
Examination failed, GDB will be halted. Polling again in 100ms
adapter speed: 1 kHz
Error: mem2array: Read @ 0x400fe000, w=4, cnt=1, failed
/usr/local/Cellar/open-ocd/0.9.0/share/openocd/scripts/mem_helper.tcl:6: Error: 
in procedure 'reset' 
in procedure 'ocd_bouncer' 
in procedure 'ocd_process_reset' 
in procedure 'ocd_process_reset_inner' called at file "embedded:startup.tcl", line 248
in procedure 'lm4f120h5qr.cpu' called at file "embedded:startup.tcl", line 286
in procedure 'ocd_bouncer' 
in procedure 'mrw' 
at file "/usr/local/Cellar/open-ocd/0.9.0/share/openocd/scripts/mem_helper.tcl", line 6

Error: jtag status contains invalid mode value - communication failure
TARGET: lm4f120h5qr.cpu - Not halted
in procedure 'reset' 
in procedure 'ocd_bouncer'



Error: jtag status contains invalid mode value - communication failure
Polling target lm4f120h5qr.cpu failed, trying to reexamine
Examination failed, GDB will be halted. Polling again in 300ms
adapter speed: 1 kHz
Error: mem2array: Read @ 0x400fe000, w=4, cnt=1, failed
/usr/local/Cellar/open-ocd/0.9.0/share/openocd/scripts/mem_helper.tcl:6: Error: 
in procedure 'reset' 
in procedure 'ocd_bouncer' 
in procedure 'ocd_process_reset' 
in procedure 'ocd_process_reset_inner' called at file "embedded:startup.tcl", line 248
in procedure 'lm4f120h5qr.cpu' called at file "embedded:startup.tcl", line 286
in procedure 'ocd_bouncer' 
in procedure 'mrw' 
at file "/usr/local/Cellar/open-ocd/0.9.0/share/openocd/scripts/mem_helper.tcl", line 6

in procedure 'reset' 
in procedure 'ocd_bouncer'


Info : dropped 'gdb' connection
